#
# There is insufficient memory for the Java Runtime Environment to continue.
# Native memory allocation (malloc) failed to allocate 1952976 bytes for Chunk::new
# Possible reasons:
#   The system is out of physical RAM or swap space
#   In 32 bit mode, the process size limit was hit
# Possible solutions:
#   Reduce memory load on the system
#   Increase physical memory or swap space
#   Check if swap backing store is full
#   Use 64 bit Java on a 64 bit OS
#   Decrease Java heap size (-Xmx/-Xms)
#   Decrease number of Java threads
#   Decrease Java thread stack sizes (-Xss)
#   Set larger code cache with -XX:ReservedCodeCacheSize=
# This output file may be truncated or incomplete.
#
#  Out of Memory Error (allocation.cpp:390), pid=3536, tid=0x0000000000002404
#
# JRE version: OpenJDK Runtime Environment (8.0_152-b06) (build 1.8.0_152-release-1136-b06)
# Java VM: OpenJDK 64-Bit Server VM (25.152-b06 mixed mode windows-amd64 compressed oops)
# Failed to write core dump. Minidumps are not enabled by default on client versions of Windows
#

---------------  T H R E A D  ---------------

Current thread (0x000000001825d000):  JavaThread "C2 CompilerThread1" daemon [_thread_in_native, id=9220, stack(0x0000000018910000,0x0000000018a10000)]

Stack: [0x0000000018910000,0x0000000018a10000]
[error occurred during error reporting (printing stack bounds), id 0xc0000005]

Native frames: (J=compiled Java code, j=interpreted, Vv=VM code, C=native code)


Current CompileTask:
C2:2125948 27126       4       com.android.tools.r8.org.objectweb.asm.ClassReader::readCode (3575 bytes)


---------------  P R O C E S S  ---------------

Java Threads: ( => current thread )
  0x000000001f1f4800 JavaThread "pool-63-thread-1" [_thread_in_native, id=12784, stack(0x0000000041ae0000,0x0000000041be0000)]
  0x000000001f1f1800 JavaThread "ForkJoinPool-58-worker-6" daemon [_thread_blocked, id=524, stack(0x00000000419e0000,0x0000000041ae0000)]
  0x000000001f1f3800 JavaThread "ForkJoinPool-58-worker-5" daemon [_thread_blocked, id=12872, stack(0x00000000418e0000,0x00000000419e0000)]
  0x000000001f1f5000 JavaThread "ForkJoinPool-58-worker-4" daemon [_thread_blocked, id=11828, stack(0x00000000417e0000,0x00000000418e0000)]
  0x000000001f1f2000 JavaThread "ForkJoinPool-58-worker-3" daemon [_thread_blocked, id=3280, stack(0x00000000416e0000,0x00000000417e0000)]
  0x000000001f1f6000 JavaThread "ForkJoinPool-58-worker-2" daemon [_thread_blocked, id=10040, stack(0x00000000415e0000,0x00000000416e0000)]
  0x000000001f1f6800 JavaThread "ForkJoinPool-58-worker-1" daemon [_thread_blocked, id=13832, stack(0x00000000414e0000,0x00000000415e0000)]
  0x000000001f1f3000 JavaThread "ForkJoinPool.commonPool-worker-5" daemon [_thread_blocked, id=13184, stack(0x00000000413e0000,0x00000000414e0000)]
  0x000000001f1ed800 JavaThread "ForkJoinPool.commonPool-worker-4" daemon [_thread_blocked, id=8112, stack(0x00000000412e0000,0x00000000413e0000)]
  0x000000001f1ea000 JavaThread "ForkJoinPool.commonPool-worker-3" daemon [_thread_blocked, id=10304, stack(0x00000000411e0000,0x00000000412e0000)]
  0x000000001f1ec000 JavaThread "ForkJoinPool.commonPool-worker-2" daemon [_thread_blocked, id=12788, stack(0x00000000410e0000,0x00000000411e0000)]
  0x000000001f1e9000 JavaThread "ForkJoinPool.commonPool-worker-1" daemon [_thread_blocked, id=6588, stack(0x0000000040fe0000,0x00000000410e0000)]
  0x000000001f1f0000 JavaThread "Cache worker for Java compile cache (C:\Users\user\Desktop\TrafficLight\.gradle\4.6\javaCompile)" [_thread_blocked, id=14416, stack(0x0000000040ee0000,0x0000000040fe0000)]
  0x000000001f1ea800 JavaThread "Task worker for ':' Thread 5" [_thread_blocked, id=10408, stack(0x0000000040de0000,0x0000000040ee0000)]
  0x000000001f1eb800 JavaThread "Task worker for ':' Thread 4" [_thread_blocked, id=14992, stack(0x0000000040ce0000,0x0000000040de0000)]
  0x000000001f1e8800 JavaThread "Task worker for ':' Thread 3" [_thread_in_native, id=13260, stack(0x0000000040be0000,0x0000000040ce0000)]
  0x000000001f1ef000 JavaThread "Task worker for ':' Thread 2" [_thread_blocked, id=10812, stack(0x0000000040ae0000,0x0000000040be0000)]
  0x000000001e338800 JavaThread "Task worker for ':'" [_thread_blocked, id=16020, stack(0x00000000409e0000,0x0000000040ae0000)]
  0x000000001e338000 JavaThread "Cache worker for Build Output Cleanup Cache (C:\Users\user\Desktop\TrafficLight\.gradle\buildOutputCleanup)" [_thread_blocked, id=456, stack(0x00000000408e0000,0x00000000409e0000)]
  0x000000001e337000 JavaThread "Cache worker for task history cache (C:\Users\user\Desktop\TrafficLight\.gradle\4.6\taskHistory)" [_thread_blocked, id=15244, stack(0x00000000407e0000,0x00000000408e0000)]
  0x000000001e336800 JavaThread "Cache worker for file content cache (C:\Users\user\Desktop\TrafficLight\.gradle\4.6\fileContent)" [_thread_blocked, id=9360, stack(0x00000000406e0000,0x00000000407e0000)]
  0x000000001e339800 JavaThread "Build operations Thread 6" [_thread_blocked, id=9428, stack(0x00000000405e0000,0x00000000406e0000)]
  0x000000001e335800 JavaThread "Build operations Thread 5" [_thread_blocked, id=4736, stack(0x00000000404e0000,0x00000000405e0000)]
  0x000000001e32d800 JavaThread "Build operations Thread 4" [_thread_blocked, id=12412, stack(0x00000000403e0000,0x00000000404e0000)]
  0x000000001e332800 JavaThread "Build operations Thread 3" [_thread_blocked, id=5012, stack(0x00000000402e0000,0x00000000403e0000)]
  0x000000001e334000 JavaThread "Build operations Thread 2" [_thread_blocked, id=15960, stack(0x00000000401e0000,0x00000000402e0000)]
  0x000000001e333800 JavaThread "Build operations" [_thread_blocked, id=792, stack(0x00000000400e0000,0x00000000401e0000)]
  0x000000001e32e000 JavaThread "Cache worker for Artifact transforms cache (C:\Users\user\.gradle\caches\transforms-1)" [_thread_blocked, id=7736, stack(0x000000003ffe0000,0x00000000400e0000)]
  0x000000001e331000 JavaThread "Cache worker for file hash cache (C:\Users\user\Desktop\TrafficLight\.gradle\4.6\fileHashes)" [_thread_blocked, id=2384, stack(0x000000003fee0000,0x000000003ffe0000)]
  0x000000001e32f000 JavaThread "Stdin handler" [_thread_blocked, id=13380, stack(0x000000003fde0000,0x000000003fee0000)]
  0x000000001e32c800 JavaThread "Asynchronous log dispatcher for DefaultDaemonConnection: socket connection from /127.0.0.1:6593 to /127.0.0.1:1674" [_thread_blocked, id=13664, stack(0x000000003fce0000,0x000000003fde0000)]
  0x000000001e32b000 JavaThread "Daemon worker Thread 10" [_thread_blocked, id=10372, stack(0x000000003fbe0000,0x000000003fce0000)]
  0x000000001e332000 JavaThread "Cancel handler" [_thread_blocked, id=11784, stack(0x000000003fae0000,0x000000003fbe0000)]
  0x000000001e32a800 JavaThread "Handler for socket connection from /127.0.0.1:6593 to /127.0.0.1:1674" [_thread_in_native, id=10724, stack(0x000000003f9e0000,0x000000003fae0000)]
  0x000000001e330800 JavaThread "Daemon Thread 10" [_thread_blocked, id=14864, stack(0x000000003f8e0000,0x000000003f9e0000)]
  0x000000001bc94000 JavaThread "MarlinRenderer Disposer" daemon [_thread_blocked, id=6864, stack(0x0000000026410000,0x0000000026510000)]
  0x000000001bc9b000 JavaThread "Java2D Disposer" daemon [_thread_blocked, id=12848, stack(0x0000000026310000,0x0000000026410000)]
  0x000000001dcf6800 JavaThread "pool-1-thread-1" [_thread_blocked, id=9596, stack(0x0000000024a10000,0x0000000024b10000)]
  0x000000001dcf7000 JavaThread "Memory manager" [_thread_blocked, id=2576, stack(0x0000000022540000,0x0000000022640000)]
  0x00000000191e2800 JavaThread "File lock request listener" [_thread_in_native, id=3196, stack(0x000000001b3e0000,0x000000001b4e0000)]
  0x00000000191dd000 JavaThread "Cache worker for file hash cache (C:\Users\user\.gradle\caches\4.6\fileHashes)" [_thread_blocked, id=9724, stack(0x000000001b2e0000,0x000000001b3e0000)]
  0x0000000019d2c000 JavaThread "Daemon periodic checks" [_thread_blocked, id=5868, stack(0x000000001a7e0000,0x000000001a8e0000)]
  0x0000000019d1b000 JavaThread "Incoming local TCP Connector on port 6593" [_thread_in_native, id=12660, stack(0x000000001a6e0000,0x000000001a7e0000)]
  0x00000000182dc000 JavaThread "Service Thread" daemon [_thread_blocked, id=13148, stack(0x0000000018b10000,0x0000000018c10000)]
  0x000000001825e800 JavaThread "C1 CompilerThread2" daemon [_thread_blocked, id=14792, stack(0x0000000018a10000,0x0000000018b10000)]
=>0x000000001825d000 JavaThread "C2 CompilerThread1" daemon [_thread_in_native, id=9220, stack(0x0000000018910000,0x0000000018a10000)]
  0x000000001825b000 JavaThread "C2 CompilerThread0" daemon [_thread_in_native, id=12484, stack(0x0000000018810000,0x0000000018910000)]
  0x000000001825a000 JavaThread "Attach Listener" daemon [_thread_blocked, id=12204, stack(0x0000000018710000,0x0000000018810000)]
  0x000000001688f000 JavaThread "Signal Dispatcher" daemon [_thread_blocked, id=13760, stack(0x0000000018610000,0x0000000018710000)]
  0x000000001686a800 JavaThread "Finalizer" daemon [_thread_blocked, id=12000, stack(0x0000000018110000,0x0000000018210000)]
  0x0000000002cc3800 JavaThread "Reference Handler" daemon [_thread_blocked, id=10516, stack(0x0000000018010000,0x0000000018110000)]
  0x0000000002bce000 JavaThread "main" [_thread_blocked, id=11128, stack(0x0000000002a00000,0x0000000002b00000)]

Other Threads:
  0x0000000016845800 VMThread [stack: 0x0000000017f10000,0x0000000018010000] [id=5064]
  0x00000000182dd000 WatcherThread [stack: 0x0000000018c10000,0x0000000018d10000] [id=1068]

VM state:not at safepoint (normal execution)

VM Mutex/Monitor currently owned by a thread: None

Heap:
 PSYoungGen      total 494080K, used 179801K [0x00000000e0000000, 0x00000000ffe80000, 0x0000000100000000)
  eden space 466432K, 35% used [0x00000000e0000000,0x00000000ea0f2fd0,0x00000000fc780000)
  from space 27648K, 54% used [0x00000000fe380000,0x00000000ff223660,0x00000000ffe80000)
  to   space 28160K, 0% used [0x00000000fc780000,0x00000000fc780000,0x00000000fe300000)
 ParOldGen       total 255488K, used 89257K [0x00000000a0000000, 0x00000000af980000, 0x00000000e0000000)
  object space 255488K, 34% used [0x00000000a0000000,0x00000000a572a7b0,0x00000000af980000)
 Metaspace       used 97385K, capacity 102620K, committed 102732K, reserved 1138688K
  class space    used 12059K, capacity 13081K, committed 13184K, reserved 1048576K

Card table byte_map: [0x0000000012090000,0x00000000123a0000] byte_map_base: 0x0000000011b90000

Marking Bits: (ParMarkBitMap*) 0x0000000058135aa0
 Begin Bits: [0x0000000012ba0000, 0x00000000143a0000)
 End Bits:   [0x00000000143a0000, 0x0000000015ba0000)

Polling page: 0x0000000000cb0000

CodeCache: size=245760Kb used=75035Kb max_used=75035Kb free=170724Kb
 bounds [0x0000000002cd0000, 0x0000000007680000, 0x0000000011cd0000]
 total_blobs=21892 nmethods=20913 adapters=889
 compilation: enabled

Compilation events (10 events):
Event: 2125.781 Thread 0x000000001825e800 27171       2       com.android.apksig.internal.zip.ZipUtils::getUnsignedInt32 (10 bytes)
Event: 2125.781 Thread 0x000000001825e800 nmethod 27171 0x0000000007678190 code [0x0000000007678300, 0x0000000007678468]
Event: 2125.782 Thread 0x000000001825e800 27172       2       com.android.apksig.internal.jar.ManifestParser::readAttribute (31 bytes)
Event: 2125.782 Thread 0x000000001825e800 nmethod 27172 0x0000000007678510 code [0x0000000007678680, 0x00000000076788b8]
Event: 2125.782 Thread 0x000000001825e800 27173       2       com.android.apksig.internal.jar.ManifestParser::readAttributeBytes (196 bytes)
Event: 2125.783 Thread 0x000000001825e800 nmethod 27173 0x00000000076789d0 code [0x0000000007678bc0, 0x0000000007679458]
Event: 2125.783 Thread 0x000000001825e800 27174       2       com.android.apksig.internal.util.InclusiveIntRange::fromTo (10 bytes)
Event: 2125.783 Thread 0x000000001825e800 nmethod 27174 0x00000000076797d0 code [0x0000000007679920, 0x0000000007679ab0]
Event: 2125.803 Thread 0x000000001825e800 27175       2       java.util.concurrent.LinkedBlockingDeque::poll (7 bytes)
Event: 2125.803 Thread 0x000000001825e800 nmethod 27175 0x0000000007679b50 code [0x0000000007679cc0, 0x0000000007679e28]

GC Heap History (10 events):
Event: 845.353 GC heap before
{Heap before GC invocations=30 (full 4):
 PSYoungGen      total 492032K, used 474094K [0x00000000e0000000, 0x0000000100000000, 0x0000000100000000)
  eden space 459776K, 99% used [0x00000000e0000000,0x00000000fc00ddf0,0x00000000fc100000)
  from space 32256K, 47% used [0x00000000fc100000,0x00000000fcfedac8,0x00000000fe080000)
  to   space 30720K, 0% used [0x00000000fe200000,0x00000000fe200000,0x0000000100000000)
 ParOldGen       total 255488K, used 89217K [0x00000000a0000000, 0x00000000af980000, 0x00000000e0000000)
  object space 255488K, 34% used [0x00000000a0000000,0x00000000a57207b0,0x00000000af980000)
 Metaspace       used 95314K, capacity 99726K, committed 100556K, reserved 1136640K
  class space    used 11861K, capacity 12808K, committed 13056K, reserved 1048576K
Event: 845.359 GC heap after
Heap after GC invocations=30 (full 4):
 PSYoungGen      total 488448K, used 16301K [0x00000000e0000000, 0x00000000ffc80000, 0x0000000100000000)
  eden space 461312K, 0% used [0x00000000e0000000,0x00000000e0000000,0x00000000fc280000)
  from space 27136K, 60% used [0x00000000fe200000,0x00000000ff1eb620,0x00000000ffc80000)
  to   space 29696K, 0% used [0x00000000fc280000,0x00000000fc280000,0x00000000fdf80000)
 ParOldGen       total 255488K, used 89225K [0x00000000a0000000, 0x00000000af980000, 0x00000000e0000000)
  object space 255488K, 34% used [0x00000000a0000000,0x00000000a57227b0,0x00000000af980000)
 Metaspace       used 95314K, capacity 99726K, committed 100556K, reserved 1136640K
  class space    used 11861K, capacity 12808K, committed 13056K, reserved 1048576K
}
Event: 1797.041 GC heap before
{Heap before GC invocations=31 (full 4):
 PSYoungGen      total 488448K, used 477613K [0x00000000e0000000, 0x00000000ffc80000, 0x0000000100000000)
  eden space 461312K, 100% used [0x00000000e0000000,0x00000000fc280000,0x00000000fc280000)
  from space 27136K, 60% used [0x00000000fe200000,0x00000000ff1eb620,0x00000000ffc80000)
  to   space 29696K, 0% used [0x00000000fc280000,0x00000000fc280000,0x00000000fdf80000)
 ParOldGen       total 255488K, used 89225K [0x00000000a0000000, 0x00000000af980000, 0x00000000e0000000)
  object space 255488K, 34% used [0x00000000a0000000,0x00000000a57227b0,0x00000000af980000)
 Metaspace       used 96247K, capacity 101024K, committed 101324K, reserved 1138688K
  class space    used 11950K, capacity 12943K, committed 13056K, reserved 1048576K
Event: 1797.050 GC heap after
Heap after GC invocations=31 (full 4):
 PSYoungGen      total 491008K, used 16218K [0x00000000e0000000, 0x0000000100000000, 0x0000000100000000)
  eden space 461312K, 0% used [0x00000000e0000000,0x00000000e0000000,0x00000000fc280000)
  from space 29696K, 54% used [0x00000000fc280000,0x00000000fd256b10,0x00000000fdf80000)
  to   space 28672K, 0% used [0x00000000fe400000,0x00000000fe400000,0x0000000100000000)
 ParOldGen       total 255488K, used 89233K [0x00000000a0000000, 0x00000000af980000, 0x00000000e0000000)
  object space 255488K, 34% used [0x00000000a0000000,0x00000000a57247b0,0x00000000af980000)
 Metaspace       used 96247K, capacity 101024K, committed 101324K, reserved 1138688K
  class space    used 11950K, capacity 12943K, committed 13056K, reserved 1048576K
}
Event: 1797.829 GC heap before
{Heap before GC invocations=32 (full 4):
 PSYoungGen      total 491008K, used 477530K [0x00000000e0000000, 0x0000000100000000, 0x0000000100000000)
  eden space 461312K, 100% used [0x00000000e0000000,0x00000000fc280000,0x00000000fc280000)
  from space 29696K, 54% used [0x00000000fc280000,0x00000000fd256b10,0x00000000fdf80000)
  to   space 28672K, 0% used [0x00000000fe400000,0x00000000fe400000,0x0000000100000000)
 ParOldGen       total 255488K, used 89233K [0x00000000a0000000, 0x00000000af980000, 0x00000000e0000000)
  object space 255488K, 34% used [0x00000000a0000000,0x00000000a57247b0,0x00000000af980000)
 Metaspace       used 96378K, capacity 101286K, committed 101580K, reserved 1138688K
  class space    used 11966K, capacity 12958K, committed 13056K, reserved 1048576K
Event: 1797.837 GC heap after
Heap after GC invocations=32 (full 4):
 PSYoungGen      total 493568K, used 18124K [0x00000000e0000000, 0x00000000fff00000, 0x0000000100000000)
  eden space 465920K, 0% used [0x00000000e0000000,0x00000000e0000000,0x00000000fc700000)
  from space 27648K, 65% used [0x00000000fe400000,0x00000000ff5b31b0,0x00000000fff00000)
  to   space 28672K, 0% used [0x00000000fc700000,0x00000000fc700000,0x00000000fe300000)
 ParOldGen       total 255488K, used 89241K [0x00000000a0000000, 0x00000000af980000, 0x00000000e0000000)
  object space 255488K, 34% used [0x00000000a0000000,0x00000000a57267b0,0x00000000af980000)
 Metaspace       used 96378K, capacity 101286K, committed 101580K, reserved 1138688K
  class space    used 11966K, capacity 12958K, committed 13056K, reserved 1048576K
}
Event: 1898.821 GC heap before
{Heap before GC invocations=33 (full 4):
 PSYoungGen      total 493568K, used 483647K [0x00000000e0000000, 0x00000000fff00000, 0x0000000100000000)
  eden space 465920K, 99% used [0x00000000e0000000,0x00000000fc69ccf8,0x00000000fc700000)
  from space 27648K, 65% used [0x00000000fe400000,0x00000000ff5b31b0,0x00000000fff00000)
  to   space 28672K, 0% used [0x00000000fc700000,0x00000000fc700000,0x00000000fe300000)
 ParOldGen       total 255488K, used 89241K [0x00000000a0000000, 0x00000000af980000, 0x00000000e0000000)
  object space 255488K, 34% used [0x00000000a0000000,0x00000000a57267b0,0x00000000af980000)
 Metaspace       used 96902K, capacity 101808K, committed 102092K, reserved 1138688K
  class space    used 12010K, capacity 12999K, committed 13056K, reserved 1048576K
Event: 1898.835 GC heap after
Heap after GC invocations=33 (full 4):
 PSYoungGen      total 494592K, used 20993K [0x00000000e0000000, 0x0000000100000000, 0x0000000100000000)
  eden space 465920K, 0% used [0x00000000e0000000,0x00000000e0000000,0x00000000fc700000)
  from space 28672K, 73% used [0x00000000fc700000,0x00000000fdb80430,0x00000000fe300000)
  to   space 29184K, 0% used [0x00000000fe380000,0x00000000fe380000,0x0000000100000000)
 ParOldGen       total 255488K, used 89249K [0x00000000a0000000, 0x00000000af980000, 0x00000000e0000000)
  object space 255488K, 34% used [0x00000000a0000000,0x00000000a57287b0,0x00000000af980000)
 Metaspace       used 96902K, capacity 101808K, committed 102092K, reserved 1138688K
  class space    used 12010K, capacity 12999K, committed 13056K, reserved 1048576K
}
Event: 1983.807 GC heap before
{Heap before GC invocations=34 (full 4):
 PSYoungGen      total 494592K, used 486913K [0x00000000e0000000, 0x0000000100000000, 0x0000000100000000)
  eden space 465920K, 100% used [0x00000000e0000000,0x00000000fc700000,0x00000000fc700000)
  from space 28672K, 73% used [0x00000000fc700000,0x00000000fdb80430,0x00000000fe300000)
  to   space 29184K, 0% used [0x00000000fe380000,0x00000000fe380000,0x0000000100000000)
 ParOldGen       total 255488K, used 89249K [0x00000000a0000000, 0x00000000af980000, 0x00000000e0000000)
  object space 255488K, 34% used [0x00000000a0000000,0x00000000a57287b0,0x00000000af980000)
 Metaspace       used 97142K, capacity 102114K, committed 102348K, reserved 1138688K
  class space    used 12035K, capacity 13040K, committed 13056K, reserved 1048576K
Event: 1983.814 GC heap after
Heap after GC invocations=34 (full 4):
 PSYoungGen      total 494080K, used 14989K [0x00000000e0000000, 0x00000000ffe80000, 0x0000000100000000)
  eden space 466432K, 0% used [0x00000000e0000000,0x00000000e0000000,0x00000000fc780000)
  from space 27648K, 54% used [0x00000000fe380000,0x00000000ff223660,0x00000000ffe80000)
  to   space 28160K, 0% used [0x00000000fc780000,0x00000000fc780000,0x00000000fe300000)
 ParOldGen       total 255488K, used 89257K [0x00000000a0000000, 0x00000000af980000, 0x00000000e0000000)
  object space 255488K, 34% used [0x00000000a0000000,0x00000000a572a7b0,0x00000000af980000)
 Metaspace       used 97142K, capacity 102114K, committed 102348K, reserved 1138688K
  class space    used 12035K, capacity 13040K, committed 13056K, reserved 1048576K
}

Deoptimization events (10 events):
Event: 2124.644 Thread 0x000000001f1ef000 Uncommon trap: reason=unstable_if action=reinterpret pc=0x0000000004a0c55c method=org.gradle.api.internal.file.pattern.HasPrefixPatternStep.matches(Ljava/lang/String;)Z @ 5
Event: 2124.697 Thread 0x000000001f1ef000 Uncommon trap: reason=class_check action=maybe_recompile pc=0x00000000032dcf08 method=org.gradle.api.internal.file.pattern.FixedStepPathMatcher.matches([Ljava/lang/String;I)Z @ 48
Event: 2124.697 Thread 0x000000001f1ef000 Uncommon trap: reason=class_check action=maybe_recompile pc=0x00000000032dcf08 method=org.gradle.api.internal.file.pattern.FixedStepPathMatcher.matches([Ljava/lang/String;I)Z @ 48
Event: 2124.697 Thread 0x000000001f1ef000 Uncommon trap: reason=class_check action=maybe_recompile pc=0x00000000032dcf08 method=org.gradle.api.internal.file.pattern.FixedStepPathMatcher.matches([Ljava/lang/String;I)Z @ 48
Event: 2124.697 Thread 0x000000001f1ef000 Uncommon trap: reason=class_check action=maybe_recompile pc=0x00000000032dcf08 method=org.gradle.api.internal.file.pattern.FixedStepPathMatcher.matches([Ljava/lang/String;I)Z @ 48
Event: 2124.801 Thread 0x000000001f1ef000 Uncommon trap: reason=unstable_if action=reinterpret pc=0x0000000007577dc8 method=com.sun.tools.javac.jvm.ClassReader.enterMember(Lcom/sun/tools/javac/code/Symbol$ClassSymbol;Lcom/sun/tools/javac/code/Symbol;)V @ 12
Event: 2124.976 Thread 0x000000001f1ef000 Uncommon trap: reason=speculate_class_check action=maybe_recompile pc=0x00000000070d12dc method=com.sun.tools.javac.code.Type.hasTag(Lcom/sun/tools/javac/code/TypeTag;)Z @ 2
Event: 2125.278 Thread 0x000000001f1ef000 Uncommon trap: reason=speculate_class_check action=maybe_recompile pc=0x000000000508e39c method=com.sun.tools.javac.util.ArrayUtils.ensureCapacity([Ljava/lang/Object;I)[Ljava/lang/Object; @ 39
Event: 2125.344 Thread 0x000000001f1ef000 Uncommon trap: reason=unstable_if action=reinterpret pc=0x0000000007588e30 method=com.sun.tools.javac.util.BaseFileManager.getKind(Ljava/lang/String;)Ljavax/tools/JavaFileObject$Kind; @ 10
Event: 2125.521 Thread 0x000000001e338800 Uncommon trap: reason=predicate action=maybe_recompile pc=0x00000000046bb0d8 method=java.util.ComparableTimSort.reverseRange([Ljava/lang/Object;II)V @ 8

Classes redefined (0 events):
No events

Internal exceptions (10 events):
Event: 1900.180 Thread 0x000000001f1ed800 Exception <a 'sun/nio/fs/WindowsException'> (0x00000000f917ef78) thrown at [D:\src\AOSP-openjdk-cygwin\jdk8u\hotspot\src\share\vm\prims\jni.cpp, line 709]
Event: 1900.204 Thread 0x000000001f1ed800 Exception <a 'sun/nio/fs/WindowsException'> (0x00000000f9193ac0) thrown at [D:\src\AOSP-openjdk-cygwin\jdk8u\hotspot\src\share\vm\prims\jni.cpp, line 709]
Event: 1900.281 Thread 0x000000001f1ea800 Exception <a 'sun/nio/fs/WindowsException'> (0x00000000f966f140) thrown at [D:\src\AOSP-openjdk-cygwin\jdk8u\hotspot\src\share\vm\prims\jni.cpp, line 709]
Event: 1900.305 Thread 0x000000001f1e9000 Exception <a 'sun/nio/fs/WindowsException'> (0x00000000fa488940) thrown at [D:\src\AOSP-openjdk-cygwin\jdk8u\hotspot\src\share\vm\prims\jni.cpp, line 709]
Event: 1983.765 Thread 0x000000001f1e8800 Exception <a 'sun/nio/fs/WindowsException'> (0x00000000fbd4ece0) thrown at [D:\src\AOSP-openjdk-cygwin\jdk8u\hotspot\src\share\vm\prims\jni.cpp, line 709]
Event: 2124.367 Thread 0x000000001e32b000 Exception <a 'sun/nio/fs/WindowsException'> (0x00000000e2cc97f8) thrown at [D:\src\AOSP-openjdk-cygwin\jdk8u\hotspot\src\share\vm\prims\jni.cpp, line 709]
Event: 2125.596 Thread 0x000000001f1ec000 Exception <a 'sun/nio/fs/WindowsException'> (0x00000000e81bc118) thrown at [D:\src\AOSP-openjdk-cygwin\jdk8u\hotspot\src\share\vm\prims\jni.cpp, line 709]
Event: 2125.606 Thread 0x000000001f1ec000 Exception <a 'sun/nio/fs/WindowsException'> (0x00000000e89020a8) thrown at [D:\src\AOSP-openjdk-cygwin\jdk8u\hotspot\src\share\vm\prims\jni.cpp, line 709]
Event: 2125.688 Thread 0x000000001f1f6800 Exception <a 'sun/nio/fs/WindowsException'> (0x00000000e8d79ff0) thrown at [D:\src\AOSP-openjdk-cygwin\jdk8u\hotspot\src\share\vm\prims\jni.cpp, line 709]
Event: 2125.716 Thread 0x000000001f1f3800 Exception <a 'sun/nio/fs/WindowsException'> (0x00000000e9ad6280) thrown at [D:\src\AOSP-openjdk-cygwin\jdk8u\hotspot\src\share\vm\prims\jni.cpp, line 709]

Events (10 events):
Event: 2125.597 Thread 0x000000001f1ec000 DEOPT UNPACKING pc=0x0000000002d175d0 sp=0x00000000411dda78 mode 0
Event: 2125.678 Thread 0x000000001f1f6800 Thread added: 0x000000001f1f6800
Event: 2125.694 Thread 0x000000001f1f6000 Thread added: 0x000000001f1f6000
Event: 2125.694 Thread 0x000000001f1f2000 Thread added: 0x000000001f1f2000
Event: 2125.695 Thread 0x000000001f1f5000 Thread added: 0x000000001f1f5000
Event: 2125.695 Thread 0x000000001f1f3800 Thread added: 0x000000001f1f3800
Event: 2125.695 Thread 0x000000001f1f1800 Thread added: 0x000000001f1f1800
Event: 2125.802 Thread 0x000000001f1f4800 Thread added: 0x000000001f1f4800
Event: 2125.803 Executing VM operation: RevokeBias
Event: 2125.803 Executing VM operation: RevokeBias done


Dynamic libraries:
0x00007ff6b7340000 - 0x00007ff6b7371000 	C:\Program Files\Android\Android Studio\jre\bin\java.exe
0x00007ffb915e0000 - 0x00007ffb917c1000 	C:\WINDOWS\SYSTEM32\ntdll.dll
0x00007ffb8f830000 - 0x00007ffb8f8e2000 	C:\WINDOWS\System32\KERNEL32.DLL
0x00007ffb8e750000 - 0x00007ffb8e9c3000 	C:\WINDOWS\System32\KERNELBASE.dll
0x00007ffb90fa0000 - 0x00007ffb91041000 	C:\WINDOWS\System32\ADVAPI32.dll
0x00007ffb8f470000 - 0x00007ffb8f50e000 	C:\WINDOWS\System32\msvcrt.dll
0x00007ffb8f510000 - 0x00007ffb8f56b000 	C:\WINDOWS\System32\sechost.dll
0x00007ffb8f570000 - 0x00007ffb8f694000 	C:\WINDOWS\System32\RPCRT4.dll
0x00007ffb8ea70000 - 0x00007ffb8ec00000 	C:\WINDOWS\System32\USER32.dll
0x00007ffb8e340000 - 0x00007ffb8e360000 	C:\WINDOWS\System32\win32u.dll
0x00007ffb8f350000 - 0x00007ffb8f378000 	C:\WINDOWS\System32\GDI32.dll
0x00007ffb8e550000 - 0x00007ffb8e6e2000 	C:\WINDOWS\System32\gdi32full.dll
0x00007ffb8e9d0000 - 0x00007ffb8ea6f000 	C:\WINDOWS\System32\msvcp_win.dll
0x00007ffb8e140000 - 0x00007ffb8e23a000 	C:\WINDOWS\System32\ucrtbase.dll
0x00007ffb7efc0000 - 0x00007ffb7f229000 	C:\WINDOWS\WinSxS\amd64_microsoft.windows.common-controls_6595b64144ccf1df_6.0.17134.345_none_fb429a5930656358\COMCTL32.dll
0x00007ffb91080000 - 0x00007ffb913a3000 	C:\WINDOWS\System32\combase.dll
0x00007ffb8e0c0000 - 0x00007ffb8e13a000 	C:\WINDOWS\System32\bcryptPrimitives.dll
0x00007ffb91050000 - 0x00007ffb9107d000 	C:\WINDOWS\System32\IMM32.DLL
0x00000000576d0000 - 0x00000000577a2000 	C:\Program Files\Android\Android Studio\jre\jre\bin\msvcr100.dll
0x0000000057970000 - 0x00000000581b1000 	C:\Program Files\Android\Android Studio\jre\jre\bin\server\jvm.dll
0x00007ffb8f3e0000 - 0x00007ffb8f3e8000 	C:\WINDOWS\System32\PSAPI.DLL
0x00007ffb82370000 - 0x00007ffb8237a000 	C:\WINDOWS\SYSTEM32\VERSION.dll
0x00007ffb8ba60000 - 0x00007ffb8ba83000 	C:\WINDOWS\SYSTEM32\WINMM.dll
0x00007ffb8a5e0000 - 0x00007ffb8a5e9000 	C:\WINDOWS\SYSTEM32\WSOCK32.dll
0x00007ffb91540000 - 0x00007ffb915ac000 	C:\WINDOWS\System32\WS2_32.dll
0x00007ffb8ba30000 - 0x00007ffb8ba5a000 	C:\WINDOWS\SYSTEM32\WINMMBASE.dll
0x00007ffb8e2f0000 - 0x00007ffb8e339000 	C:\WINDOWS\System32\cfgmgr32.dll
0x00007ffb8a5d0000 - 0x00007ffb8a5df000 	C:\Program Files\Android\Android Studio\jre\jre\bin\verify.dll
0x00007ffb809b0000 - 0x00007ffb809d9000 	C:\Program Files\Android\Android Studio\jre\jre\bin\java.dll
0x00007ffb8a580000 - 0x00007ffb8a596000 	C:\Program Files\Android\Android Studio\jre\jre\bin\zip.dll
0x00007ffb8fae0000 - 0x00007ffb90f1f000 	C:\WINDOWS\System32\SHELL32.dll
0x00007ffb913c0000 - 0x00007ffb91469000 	C:\WINDOWS\System32\shcore.dll
0x00007ffb8d9b0000 - 0x00007ffb8e0bd000 	C:\WINDOWS\System32\windows.storage.dll
0x00007ffb8fa80000 - 0x00007ffb8fad1000 	C:\WINDOWS\System32\shlwapi.dll
0x00007ffb8d940000 - 0x00007ffb8d951000 	C:\WINDOWS\System32\kernel.appcore.dll
0x00007ffb8d970000 - 0x00007ffb8d98f000 	C:\WINDOWS\System32\profapi.dll
0x00007ffb8d8f0000 - 0x00007ffb8d93c000 	C:\WINDOWS\System32\powrprof.dll
0x00007ffb8d960000 - 0x00007ffb8d96a000 	C:\WINDOWS\System32\FLTLIB.DLL
0x00007ffb8a510000 - 0x00007ffb8a52a000 	C:\Program Files\Android\Android Studio\jre\jre\bin\net.dll
0x00007ffb8d110000 - 0x00007ffb8d176000 	C:\WINDOWS\system32\mswsock.dll
0x00007ffb83c60000 - 0x00007ffb83c71000 	C:\Program Files\Android\Android Studio\jre\jre\bin\nio.dll
0x00007ffb80990000 - 0x00007ffb809ae000 	C:\Users\user\.gradle\native\25\windows-amd64\native-platform.dll
0x00007ffb85f20000 - 0x00007ffb85f2d000 	C:\Program Files\Android\Android Studio\jre\jre\bin\management.dll
0x00007ffb8d2c0000 - 0x00007ffb8d2d7000 	C:\WINDOWS\SYSTEM32\CRYPTSP.dll
0x00007ffb8ccf0000 - 0x00007ffb8cd23000 	C:\WINDOWS\system32\rsaenh.dll
0x00007ffb8d3f0000 - 0x00007ffb8d415000 	C:\WINDOWS\SYSTEM32\bcrypt.dll
0x00007ffb8d7f0000 - 0x00007ffb8d818000 	C:\WINDOWS\SYSTEM32\USERENV.dll
0x00007ffb8d2e0000 - 0x00007ffb8d2eb000 	C:\WINDOWS\SYSTEM32\CRYPTBASE.dll
0x00007ffb8ce90000 - 0x00007ffb8cec8000 	C:\WINDOWS\SYSTEM32\IPHLPAPI.DLL
0x00007ffb913b0000 - 0x00007ffb913b8000 	C:\WINDOWS\System32\NSI.dll
0x00007ffb84000000 - 0x00007ffb84016000 	C:\WINDOWS\SYSTEM32\dhcpcsvc6.DLL
0x00007ffb84040000 - 0x00007ffb8405a000 	C:\WINDOWS\SYSTEM32\dhcpcsvc.DLL
0x00007ffb5e760000 - 0x00007ffb5e8f7000 	C:\Program Files\Android\Android Studio\jre\jre\bin\awt.dll
0x00007ffb91470000 - 0x00007ffb91532000 	C:\WINDOWS\System32\OLEAUT32.dll
0x00007ffb8aea0000 - 0x00007ffb8b467000 	C:\WINDOWS\SYSTEM32\d2d1.dll
0x00007ffb8bc70000 - 0x00007ffb8bcfb000 	C:\WINDOWS\SYSTEM32\apphelp.dll
0x00007ffb8c080000 - 0x00007ffb8c0a9000 	C:\WINDOWS\system32\DWMAPI.DLL
0x00007ffb8bfa0000 - 0x00007ffb8c038000 	C:\WINDOWS\system32\uxtheme.dll
0x00007ffb8c9e0000 - 0x00007ffb8ca11000 	C:\WINDOWS\SYSTEM32\ntmarta.dll

VM Arguments:
jvm_args: -Xmx1536m -Dfile.encoding=x-windows-950 -Duser.country=TW -Duser.language=zh -Duser.variant 
java_command: org.gradle.launcher.daemon.bootstrap.GradleDaemon 4.6
java_class_path (initial): C:\Users\user\.gradle\wrapper\dists\gradle-4.6-all\bcst21l2brirad8k2ben1letg\gradle-4.6\lib\gradle-launcher-4.6.jar
Launcher Type: SUN_STANDARD

Environment Variables:
PATH=C:\ProgramData\Oracle\Java\javapath;C:\WINDOWS\system32;C:\WINDOWS;C:\WINDOWS\System32\Wbem;C:\WINDOWS\System32\WindowsPowerShell\v1.0\;C:\Program Files\dotnet\;C:\Program Files\MATLAB\R2016b\runtime\win64;C:\Program Files\MATLAB\R2016b\bin;C:\Program Files\MATLAB\R2016b\polyspace\bin;C:\Program Files\Git\cmd;C:\WINDOWS\System32\OpenSSH\;C:\Program Files\PuTTY\;C:\Users\user\AppData\Local\Programs\Python\Python36-32\Scripts\;C:\Users\user\AppData\Local\Programs\Python\Python36-32\;C:\Users\user\AppData\Local\Microsoft\WindowsApps;C:\xampp\php;C:\Users\user\AppData\Local\Programs\Microsoft VS Code\bin
USERNAME=user
OS=Windows_NT
PROCESSOR_IDENTIFIER=Intel64 Family 6 Model 158 Stepping 10, GenuineIntel



---------------  S Y S T E M  ---------------

OS: Windows 10.0 , 64 bit Build 17134 (10.0.17134.1)

CPU:total 6 (initial active 6) (6 cores per cpu, 1 threads per core) family 6 model 158 stepping 10, cmov, cx8, fxsr, mmx, sse, sse2, sse3, ssse3, sse4.1, sse4.2, popcnt, avx, avx2, aes, clmul, erms, 3dnowpref, lzcnt, tsc, tscinvbit, bmi1, bmi2, adx

Memory: 4k page, physical 16632144k(2453176k free), swap 17680720k(6892k free)

vm_info: OpenJDK 64-Bit Server VM (25.152-b06) for windows-amd64 JRE (1.8.0_152-release-1136-b06), built by "builder" with MS VC++ 10.0 (VS2010)

time: Sat Nov 10 14:12:06 2018
elapsed time: 2125 seconds (0d 0h 35m 25s)

